{
  "stats": {
    "suites": 1,
    "tests": 5,
    "passes": 5,
    "pending": 0,
    "failures": 0,
    "start": "2024-08-13T20:34:26.542Z",
    "end": "2024-08-13T20:34:28.183Z",
    "duration": 1641,
    "testsRegistered": 5,
    "passPercent": 100,
    "pendingPercent": 0,
    "other": 0,
    "hasOther": false,
    "skipped": 0,
    "hasSkipped": false
  },
  "results": [
    {
      "uuid": "1989537b-b6fc-43a1-be39-c88b32b6d1cc",
      "title": "",
      "fullFile": "cypress\\e2e\\rest.cy.js",
      "file": "cypress\\e2e\\rest.cy.js",
      "beforeHooks": [],
      "afterHooks": [],
      "tests": [],
      "suites": [
        {
          "uuid": "d32b8c6b-327f-423d-9118-2ff62cd27755",
          "title": "Realizar testes de API",
          "fullFile": "",
          "file": "",
          "beforeHooks": [],
          "afterHooks": [],
          "tests": [
            {
              "title": "Realizar get simples com retorno positivo",
              "fullTitle": "Realizar testes de API Realizar get simples com retorno positivo",
              "timedOut": null,
              "duration": 603,
              "state": "passed",
              "speed": "fast",
              "pass": true,
              "fail": false,
              "pending": false,
              "context": null,
              "code": "cy.request({\n  method: 'GET',\n  url: 'https://jsonplaceholder.typicode.com/posts'\n}).then(res => {\n  console.log(res);\n  expect(res.status).to.equal(200);\n  expect(res.status).to.exist;\n});",
              "err": {},
              "uuid": "ad162519-da68-4962-9236-86ab89db08a2",
              "parentUUID": "d32b8c6b-327f-423d-9118-2ff62cd27755",
              "isHook": false,
              "skipped": false
            },
            {
              "title": "Realizar get simples com retorno negativo",
              "fullTitle": "Realizar testes de API Realizar get simples com retorno negativo",
              "timedOut": null,
              "duration": 74,
              "state": "passed",
              "speed": "fast",
              "pass": true,
              "fail": false,
              "pending": false,
              "context": null,
              "code": "cy.request({\n  method: 'GET',\n  url: 'https://jsonplaceholder.typicode.com/comments/501',\n  failOnStatusCode: false\n}).then(res => {\n  console.log(res);\n  expect(res.status).to.equal(404);\n});",
              "err": {},
              "uuid": "d8f2da18-162e-4a9d-90a3-85dff44bc2fe",
              "parentUUID": "d32b8c6b-327f-423d-9118-2ff62cd27755",
              "isHook": false,
              "skipped": false
            },
            {
              "title": "Realizar um post com retorno positivo",
              "fullTitle": "Realizar testes de API Realizar um post com retorno positivo",
              "timedOut": null,
              "duration": 195,
              "state": "passed",
              "speed": "fast",
              "pass": true,
              "fail": false,
              "pending": false,
              "context": null,
              "code": "cy.request({\n  method: 'POST',\n  url: 'https://jsonplaceholder.typicode.com/posts',\n  body: {\n    'userId': '11',\n    'id': '101',\n    'title': 'testing',\n    'body': 'just testing but I will delete it soon'\n  }\n}).then(res => {\n  console.log(res);\n  expect(res.status).to.equal(201);\n});",
              "err": {},
              "uuid": "3ae4ea31-daca-4fec-b19d-065eae86a142",
              "parentUUID": "d32b8c6b-327f-423d-9118-2ff62cd27755",
              "isHook": false,
              "skipped": false
            },
            {
              "title": "Realizar um put com retorno positivo",
              "fullTitle": "Realizar testes de API Realizar um put com retorno positivo",
              "timedOut": null,
              "duration": 438,
              "state": "passed",
              "speed": "fast",
              "pass": true,
              "fail": false,
              "pending": false,
              "context": null,
              "code": "cy.request({\n  method: 'PUT',\n  url: 'https://jsonplaceholder.typicode.com/posts/100',\n  body: {\n    'title': 'testing',\n    'body': 'just testing but I will delete it soon'\n  }\n}).then(res => {\n  console.log(res);\n  expect(res.status).to.equal(200);\n  //expect(res.status).to.not.be.empty\n});",
              "err": {},
              "uuid": "bdf00ab5-6a34-4de4-affe-b5ea3e41e5da",
              "parentUUID": "d32b8c6b-327f-423d-9118-2ff62cd27755",
              "isHook": false,
              "skipped": false
            },
            {
              "title": "Realizar um delete com retorno positivo",
              "fullTitle": "Realizar testes de API Realizar um delete com retorno positivo",
              "timedOut": null,
              "duration": 194,
              "state": "passed",
              "speed": "fast",
              "pass": true,
              "fail": false,
              "pending": false,
              "context": null,
              "code": "cy.request({\n  method: 'DELETE',\n  url: 'https://jsonplaceholder.typicode.com/posts/100'\n}).then(res => {\n  console.log(res);\n  expect(res.status).to.equal(200);\n  //expect(res.status).to.not.be.empty\n});",
              "err": {},
              "uuid": "fec4c3e8-a205-4737-9a79-c96e37280f6d",
              "parentUUID": "d32b8c6b-327f-423d-9118-2ff62cd27755",
              "isHook": false,
              "skipped": false
            }
          ],
          "suites": [],
          "passes": [
            "ad162519-da68-4962-9236-86ab89db08a2",
            "d8f2da18-162e-4a9d-90a3-85dff44bc2fe",
            "3ae4ea31-daca-4fec-b19d-065eae86a142",
            "bdf00ab5-6a34-4de4-affe-b5ea3e41e5da",
            "fec4c3e8-a205-4737-9a79-c96e37280f6d"
          ],
          "failures": [],
          "pending": [],
          "skipped": [],
          "duration": 1504,
          "root": false,
          "rootEmpty": false,
          "_timeout": 2000
        }
      ],
      "passes": [],
      "failures": [],
      "pending": [],
      "skipped": [],
      "duration": 0,
      "root": true,
      "rootEmpty": true,
      "_timeout": 2000
    }
  ],
  "meta": {
    "mocha": {
      "version": "7.0.1"
    },
    "mochawesome": {
      "options": {
        "quiet": true,
        "reportFilename": "report",
        "saveHtml": true,
        "saveJson": true,
        "consoleReporter": "spec",
        "useInlineDiffs": false,
        "code": true
      },
      "version": "7.1.3"
    },
    "marge": {
      "options": {
        "reportDir": "cypress/reports",
        "reportFilename": "report",
        "quiet": true,
        "overwrite": false
      },
      "version": "6.2.0"
    }
  }
}